<?xml version="1.0" encoding="UTF-8"?>
<!-- Generated by org.testng.reporters.JUnitReportReporter -->
<testsuite hostname="DESKTOP-CGF9PFU" failures="0" tests="1" name="com.gmit.TC_Login" time="4.691" errors="0" timestamp="2025-04-16T09:49:11 IST" skipped="0">
  <testcase classname="com.gmit.TC_Login" name="loginTest" time="4.691"/>
</testsuite> <!-- com.gmit.TC_Login -->
