<?xml version="1.0" encoding="UTF-8"?>
<!-- Generated by org.testng.reporters.JUnitReportReporter -->
<testsuite hostname="DESKTOP-CGF9PFU" failures="0" tests="1" name="com.gmit.TC_Login" time="3.760" errors="0" timestamp="2025-05-12T13:19:11 IST" skipped="0">
  <testcase classname="com.gmit.TC_Login" name="loginTest" time="3.760"/>
</testsuite> <!-- com.gmit.TC_Login -->
