<?xml version="1.0" encoding="UTF-8"?>
<!-- Generated by org.testng.reporters.JUnitReportReporter -->
<testsuite hostname="DESKTOP-CGF9PFU" failures="0" tests="2" name="com.gmit.AppTest" time="0.073" errors="0" timestamp="2025-05-12T13:19:11 IST" skipped="0">
  <testcase classname="com.gmit.AppTest" name="testlogin1" time="0.070"/>
  <testcase classname="com.gmit.AppTest" name="testlogin2" time="0.003"/>
</testsuite> <!-- com.gmit.AppTest -->
